<?xml version="1.0" encoding="UTF-8"?>
<!-- Generated by org.testng.reporters.JUnitXMLReporter -->
<testsuite ignored="2" hostname="Jagdamba" failures="2" tests="3" name="Test" time="45.11" errors="0" timestamp="2023-04-22T23:09:52 IST">
  <testcase classname="testPackage.TestClass" name="heading1" time="0.359">
    <failure type="java.lang.AssertionError" message="The following asserts failed:
	expected [Personal loan] but found [Personal load]">
      <![CDATA[java.lang.AssertionError: The following asserts failed:
expected [Personal loan] but found [Personal load]
at testPackage.TestClass.heading1(TestClass.java:28)
at java.base/java.util.ArrayList.forEach(ArrayList.java:1511)
... Removed 27 stack frames]]>
    </failure>
  </testcase> <!-- heading1 -->
  <testcase classname="testPackage.TestClass" name="description" time="0.086">
    <failure type="java.lang.AssertionError" message="The following asserts failed:
	expected [Personal loan] but found [Personal load],
	expected [If you&amp;apos;re a current U.S. Bank customer, start by using your login credentials to streamline the application process.] but found [If you&amp;apos;r a current U.S. Bank customer, start by using your login credentials to streamline the application process.]">
      <![CDATA[java.lang.AssertionError: The following asserts failed:
expected [Personal loan] but found [Personal load],
expected [If you're a current U.S. Bank customer, start by using your login credentials to streamline the application process.] but found [If you'r a current U.S. Bank customer, start by using your login credentials to streamline the application process.]
at testPackage.TestClass.description(TestClass.java:37)
at java.base/java.util.ArrayList.forEach(ArrayList.java:1511)
... Removed 27 stack frames]]>
    </failure>
  </testcase> <!-- description -->
  <testcase classname="testPackage.TestClass" name="username1" time="1.486"/>
  <testcase classname="testPackage.BaseClass" name="@AfterTest AfterTest" time="0.0">
    <ignored/>
  </testcase> <!-- @AfterTest AfterTest -->
  <testcase classname="testPackage.BaseClass" name="@BeforeTest beforeTest" time="0.0">
    <ignored/>
  </testcase> <!-- @BeforeTest beforeTest -->
</testsuite> <!-- Test -->
